<?xml version="1.0" encoding="UTF-8" standalone="yes"?><!DOCTYPE report PUBLIC "-//JACOCO//DTD Report 1.1//EN" "report.dtd"><report name="passengerAssignment"><sessioninfo id="LAPTOP-1VDU116L-bda454bc" start="1666956160460" dump="1666956162778"/><sessioninfo id="LAPTOP-1VDU116L-86ebbd88" start="1666956196886" dump="1666956198920"/><sessioninfo id="LAPTOP-1VDU116L-2fa008a8" start="1667653170498" dump="1667653172265"/><sessioninfo id="LAPTOP-1VDU116L-e2530b0d" start="1667653233387" dump="1667653235568"/><sessioninfo id="LAPTOP-1VDU116L-935b8519" start="1667653411038" dump="1667653413234"/><sessioninfo id="LAPTOP-1VDU116L-b612918b" start="1667653551891" dump="1667653553847"/><sessioninfo id="LAPTOP-1VDU116L-f51d1690" start="1667654305202" dump="1667654307220"/><sessioninfo id="LAPTOP-1VDU116L-845142e8" start="1667654390654" dump="1667654392845"/><sessioninfo id="LAPTOP-1VDU116L-da731284" start="1667654471544" dump="1667654473932"/><sessioninfo id="LAPTOP-1VDU116L-a0835db2" start="1667654622622" dump="1667654624719"/><sessioninfo id="LAPTOP-1VDU116L-eda5dda1" start="1667654662904" dump="1667654664809"/><sessioninfo id="LAPTOP-1VDU116L-b3f1f21e" start="1667654695481" dump="1667654697450"/><sessioninfo id="LAPTOP-1VDU116L-4af44f22" start="1667654906094" dump="1667654908148"/><sessioninfo id="LAPTOP-1VDU116L-4940cab2" start="1667654934417" dump="1667654939283"/><sessioninfo id="LAPTOP-1VDU116L-1c9bbf57" start="1667655253767" dump="1667655258943"/><sessioninfo id="LAPTOP-1VDU116L-4a7e4018" start="1667655326559" dump="1667655328841"/><sessioninfo id="LAPTOP-1VDU116L-3ed35c34" start="1667655796485" dump="1667655798725"/><sessioninfo id="LAPTOP-1VDU116L-2dc4cd47" start="1667655820617" dump="1667655822514"/><sessioninfo id="LAPTOP-1VDU116L-e41d6e1c" start="1667655883745" dump="1667655885803"/><sessioninfo id="LAPTOP-1VDU116L-823316bb" start="1667656075444" dump="1667656077766"/><sessioninfo id="LAPTOP-1VDU116L-2aa88e1e" start="1667656094418" dump="1667656096683"/><sessioninfo id="LAPTOP-1VDU116L-41f37617" start="1667656402567" dump="1667656406491"/><sessioninfo id="LAPTOP-1VDU116L-9a4d4b78" start="1667656522057" dump="1667656524614"/><sessioninfo id="LAPTOP-1VDU116L-80abc747" start="1667656548317" dump="1667656550579"/><sessioninfo id="LAPTOP-1VDU116L-9e907372" start="1667656583384" dump="1667656586003"/><sessioninfo id="LAPTOP-1VDU116L-4e644c67" start="1667656633676" dump="1667656636352"/><sessioninfo id="LAPTOP-1VDU116L-8b2eec8" start="1667656731307" dump="1667656734609"/><sessioninfo id="LAPTOP-1VDU116L-312fc672" start="1667656924411" dump="1667656928097"/><sessioninfo id="LAPTOP-1VDU116L-1e1c3a5b" start="1667657164740" dump="1667657169793"/><sessioninfo id="LAPTOP-1VDU116L-6808cbce" start="1667657539186" dump="1667657541595"/><sessioninfo id="LAPTOP-1VDU116L-446bb83e" start="1667657935429" dump="1667657937375"/><sessioninfo id="LAPTOP-1VDU116L-24303969" start="1667659462575" dump="1667659464587"/><sessioninfo id="LAPTOP-1VDU116L-f1ecf8cf" start="1667661069686" dump="1667661072252"/><sessioninfo id="LAPTOP-1VDU116L-a3c10ebb" start="1667661407783" dump="1667661412876"/><sessioninfo id="LAPTOP-1VDU116L-aaf680a7" start="1667661558556" dump="1667661560598"/><package name="ie/atu"><class name="ie/atu/Passenger" sourcefilename="Passenger.java"><method name="getPassengerTitle" desc="()Ljava/lang/String;" line="11"><counter type="INSTRUCTION" missed="0" covered="3"/><counter type="LINE" missed="0" covered="1"/><counter type="COMPLEXITY" missed="0" covered="1"/><counter type="METHOD" missed="0" covered="1"/></method><method name="getPassengerName" desc="()Ljava/lang/String;" line="15"><counter type="INSTRUCTION" missed="0" covered="3"/><counter type="LINE" missed="0" covered="1"/><counter type="COMPLEXITY" missed="0" covered="1"/><counter type="METHOD" missed="0" covered="1"/></method><method name="getPassengerId" desc="()Ljava/lang/String;" line="19"><counter type="INSTRUCTION" missed="0" covered="3"/><counter type="LINE" missed="0" covered="1"/><counter type="COMPLEXITY" missed="0" covered="1"/><counter type="METHOD" missed="0" covered="1"/></method><method name="getPassengerPhone" desc="()Ljava/lang/String;" line="23"><counter type="INSTRUCTION" missed="0" covered="3"/><counter type="LINE" missed="0" covered="1"/><counter type="COMPLEXITY" missed="0" covered="1"/><counter type="METHOD" missed="0" covered="1"/></method><method name="getPassengerAge" desc="()I" line="27"><counter type="INSTRUCTION" missed="0" covered="3"/><counter type="LINE" missed="0" covered="1"/><counter type="COMPLEXITY" missed="0" covered="1"/><counter type="METHOD" missed="0" covered="1"/></method><method name="&lt;init&gt;" desc="(Ljava/lang/String;Ljava/lang/String;Ljava/lang/String;Ljava/lang/String;I)V" line="30"><counter type="INSTRUCTION" missed="0" covered="18"/><counter type="LINE" missed="0" covered="7"/><counter type="COMPLEXITY" missed="0" covered="1"/><counter type="METHOD" missed="0" covered="1"/></method><counter type="INSTRUCTION" missed="0" covered="33"/><counter type="LINE" missed="0" covered="12"/><counter type="COMPLEXITY" missed="0" covered="6"/><counter type="METHOD" missed="0" covered="6"/><counter type="CLASS" missed="0" covered="1"/></class><sourcefile name="Passenger.java"><line nr="11" mi="0" ci="3" mb="0" cb="0"/><line nr="15" mi="0" ci="3" mb="0" cb="0"/><line nr="19" mi="0" ci="3" mb="0" cb="0"/><line nr="23" mi="0" ci="3" mb="0" cb="0"/><line nr="27" mi="0" ci="3" mb="0" cb="0"/><line nr="30" mi="0" ci="2" mb="0" cb="0"/><line nr="31" mi="0" ci="3" mb="0" cb="0"/><line nr="32" mi="0" ci="3" mb="0" cb="0"/><line nr="33" mi="0" ci="3" mb="0" cb="0"/><line nr="34" mi="0" ci="3" mb="0" cb="0"/><line nr="35" mi="0" ci="3" mb="0" cb="0"/><line nr="37" mi="0" ci="1" mb="0" cb="0"/><counter type="INSTRUCTION" missed="0" covered="33"/><counter type="LINE" missed="0" covered="12"/><counter type="COMPLEXITY" missed="0" covered="6"/><counter type="METHOD" missed="0" covered="6"/><counter type="CLASS" missed="0" covered="1"/></sourcefile><counter type="INSTRUCTION" missed="0" covered="33"/><counter type="LINE" missed="0" covered="12"/><counter type="COMPLEXITY" missed="0" covered="6"/><counter type="METHOD" missed="0" covered="6"/><counter type="CLASS" missed="0" covered="1"/></package><counter type="INSTRUCTION" missed="0" covered="33"/><counter type="LINE" missed="0" covered="12"/><counter type="COMPLEXITY" missed="0" covered="6"/><counter type="METHOD" missed="0" covered="6"/><counter type="CLASS" missed="0" covered="1"/></report>